2016-03-09 14:18:09,402  WARN [Worker-0] - ImplicitHighlightingPresenter - Timeout while waiting for `askLoadedTyped` during implicit highlighting.
2016-03-09 14:41:07,983  WARN [Worker-16] - ImplicitHighlightingPresenter - Timeout while waiting for `askLoadedTyped` during implicit highlighting.
2016-03-09 14:41:11,822 ERROR [main] - org.scala-ide.sdt.core - org.scala-ide.sdt.core - org.scala-ide.sdt.core - 0 - Error in Scala compiler
java.lang.NoSuchMethodError: xsbt.CachedCompiler0$Compiler.classPath()Lscala/tools/nsc/util/ClassFileLookup;
	at xsbt.CachedCompiler0$Compiler.findOnClassPath(CompilerInterface.scala:249)
	at xsbt.CachedCompiler0$Compiler$$anonfun$findClass$2.apply(CompilerInterface.scala:239)
	at xsbt.CachedCompiler0$Compiler$$anonfun$findClass$2.apply(CompilerInterface.scala:239)
	at scala.Option.orElse(Option.scala:266)
	at xsbt.CachedCompiler0$Compiler.findClass(CompilerInterface.scala:239)
	at xsbt.LocateClassFile.classFile(LocateClassFile.scala:25)
	at xsbt.Dependency$DependencyPhase$$anonfun$run$2.xsbt$Dependency$DependencyPhase$$anonfun$$processDependency$1(Dependency.scala:64)
	at xsbt.Dependency$DependencyPhase$$anonfun$run$2$$anonfun$apply$1.apply(Dependency.scala:46)
	at xsbt.Dependency$DependencyPhase$$anonfun$run$2$$anonfun$apply$1.apply(Dependency.scala:45)
	at scala.collection.immutable.HashSet$HashSet1.foreach(HashSet.scala:322)
	at scala.collection.immutable.HashSet$HashTrieSet.foreach(HashSet.scala:978)
	at xsbt.Dependency$DependencyPhase$$anonfun$run$2.apply(Dependency.scala:45)
	at xsbt.Dependency$DependencyPhase$$anonfun$run$2.apply(Dependency.scala:40)
	at scala.collection.Iterator$class.foreach(Iterator.scala:743)
	at scala.collection.AbstractIterator.foreach(Iterator.scala:1177)
	at xsbt.Dependency$DependencyPhase.run(Dependency.scala:40)
	at scala.tools.nsc.Global$Run.compileUnitsInternal(Global.scala:1557)
	at scala.tools.nsc.Global$Run.compileUnits(Global.scala:1542)
	at scala.tools.nsc.Global$Run.compileSources(Global.scala:1537)
	at scala.tools.nsc.Global$Run.compile(Global.scala:1644)
	at xsbt.CachedCompiler0.run(CompilerInterface.scala:116)
	at xsbt.CachedCompiler0.run(CompilerInterface.scala:95)
	at xsbt.CompilerInterface.run(CompilerInterface.scala:26)
	at sun.reflect.NativeMethodAccessorImpl.invoke0(Native Method)
	at sun.reflect.NativeMethodAccessorImpl.invoke(NativeMethodAccessorImpl.java:57)
	at sun.reflect.DelegatingMethodAccessorImpl.invoke(DelegatingMethodAccessorImpl.java:43)
	at java.lang.reflect.Method.invoke(Method.java:606)
	at sbt.compiler.AnalyzingCompiler.call(AnalyzingCompiler.scala:101)
	at sbt.compiler.AnalyzingCompiler.compile(AnalyzingCompiler.scala:47)
	at sbt.compiler.AnalyzingCompiler.compile(AnalyzingCompiler.scala:41)
	at sbt.compiler.MixedAnalyzingCompiler$$anonfun$compileScala$1$1.apply$mcV$sp(MixedAnalyzingCompiler.scala:51)
	at sbt.compiler.MixedAnalyzingCompiler$$anonfun$compileScala$1$1.apply(MixedAnalyzingCompiler.scala:51)
	at sbt.compiler.MixedAnalyzingCompiler$$anonfun$compileScala$1$1.apply(MixedAnalyzingCompiler.scala:51)
	at sbt.compiler.MixedAnalyzingCompiler.timed(MixedAnalyzingCompiler.scala:75)
	at sbt.compiler.MixedAnalyzingCompiler.compileScala$1(MixedAnalyzingCompiler.scala:50)
	at sbt.compiler.MixedAnalyzingCompiler.compile(MixedAnalyzingCompiler.scala:65)
	at sbt.compiler.IC$$anonfun$compileInternal$1.apply(IncrementalCompiler.scala:160)
	at sbt.compiler.IC$$anonfun$compileInternal$1.apply(IncrementalCompiler.scala:160)
	at sbt.inc.IncrementalCompile$$anonfun$doCompile$1.apply(Compile.scala:66)
	at sbt.inc.IncrementalCompile$$anonfun$doCompile$1.apply(Compile.scala:64)
	at sbt.inc.IncrementalCommon.cycle(IncrementalCommon.scala:31)
	at sbt.inc.Incremental$$anonfun$1.apply(Incremental.scala:62)
	at sbt.inc.Incremental$$anonfun$1.apply(Incremental.scala:61)
	at sbt.inc.Incremental$.manageClassfiles(Incremental.scala:89)
	at sbt.inc.Incremental$.compile(Incremental.scala:61)
	at sbt.inc.IncrementalCompile$.apply(Compile.scala:54)
	at sbt.compiler.IC$.compileInternal(IncrementalCompiler.scala:160)
	at sbt.compiler.IC$.incrementalCompile(IncrementalCompiler.scala:138)
	at sbt.compiler.IC$.compile(IncrementalCompiler.scala:44)
	at scala.tools.eclipse.buildmanager.sbtintegration.EclipseSbtBuildManager.runCompiler(EclipseSbtBuildManager.scala:133)
	at scala.tools.eclipse.buildmanager.sbtintegration.EclipseSbtBuildManager.update(EclipseSbtBuildManager.scala:124)
	at scala.tools.eclipse.buildmanager.sbtintegration.EclipseSbtBuildManager.build(EclipseSbtBuildManager.scala:178)
	at scala.tools.eclipse.ScalaProject.build(ScalaProject.scala:650)
	at scala.tools.eclipse.ScalaBuilder.build(ScalaBuilder.scala:118)
	at org.eclipse.core.internal.events.BuildManager$2.run(BuildManager.java:728)
	at org.eclipse.core.runtime.SafeRunner.run(SafeRunner.java:42)
	at org.eclipse.core.internal.events.BuildManager.basicBuild(BuildManager.java:199)
	at org.eclipse.core.internal.events.BuildManager.basicBuild(BuildManager.java:239)
	at org.eclipse.core.internal.events.BuildManager$1.run(BuildManager.java:292)
	at org.eclipse.core.runtime.SafeRunner.run(SafeRunner.java:42)
	at org.eclipse.core.internal.events.BuildManager.basicBuild(BuildManager.java:295)
	at org.eclipse.core.internal.events.BuildManager.basicBuildLoop(BuildManager.java:351)
	at org.eclipse.core.internal.events.BuildManager.build(BuildManager.java:374)
	at org.eclipse.core.internal.events.AutoBuildJob.doBuild(AutoBuildJob.java:143)
	at org.eclipse.core.internal.events.AutoBuildJob.run(AutoBuildJob.java:241)
	at org.eclipse.core.internal.jobs.Worker.run(Worker.java:54)
2016-03-09 14:41:12,779  WARN [Worker-22] - ImplicitHighlightingPresenter - Timeout while waiting for `askLoadedTyped` during implicit highlighting.
2016-03-09 14:41:13,910 ERROR [main] - org.scala-ide.sdt.core - org.scala-ide.sdt.core - org.scala-ide.sdt.core - 0 - Error in Scala compiler
java.lang.NoSuchMethodError: xsbt.CachedCompiler0$Compiler.classPath()Lscala/tools/nsc/util/ClassFileLookup;
	at xsbt.CachedCompiler0$Compiler.findOnClassPath(CompilerInterface.scala:249)
	at xsbt.CachedCompiler0$Compiler$$anonfun$findClass$2.apply(CompilerInterface.scala:239)
	at xsbt.CachedCompiler0$Compiler$$anonfun$findClass$2.apply(CompilerInterface.scala:239)
	at scala.Option.orElse(Option.scala:266)
	at xsbt.CachedCompiler0$Compiler.findClass(CompilerInterface.scala:239)
	at xsbt.LocateClassFile.classFile(LocateClassFile.scala:25)
	at xsbt.Dependency$DependencyPhase$$anonfun$run$2.xsbt$Dependency$DependencyPhase$$anonfun$$processDependency$1(Dependency.scala:64)
	at xsbt.Dependency$DependencyPhase$$anonfun$run$2$$anonfun$apply$1.apply(Dependency.scala:46)
	at xsbt.Dependency$DependencyPhase$$anonfun$run$2$$anonfun$apply$1.apply(Dependency.scala:45)
	at scala.collection.immutable.HashSet$HashSet1.foreach(HashSet.scala:322)
	at scala.collection.immutable.HashSet$HashTrieSet.foreach(HashSet.scala:978)
	at xsbt.Dependency$DependencyPhase$$anonfun$run$2.apply(Dependency.scala:45)
	at xsbt.Dependency$DependencyPhase$$anonfun$run$2.apply(Dependency.scala:40)
	at scala.collection.Iterator$class.foreach(Iterator.scala:743)
	at scala.collection.AbstractIterator.foreach(Iterator.scala:1177)
	at xsbt.Dependency$DependencyPhase.run(Dependency.scala:40)
	at scala.tools.nsc.Global$Run.compileUnitsInternal(Global.scala:1557)
	at scala.tools.nsc.Global$Run.compileUnits(Global.scala:1542)
	at scala.tools.nsc.Global$Run.compileSources(Global.scala:1537)
	at scala.tools.nsc.Global$Run.compile(Global.scala:1644)
	at xsbt.CachedCompiler0.run(CompilerInterface.scala:116)
	at xsbt.CachedCompiler0.run(CompilerInterface.scala:95)
	at xsbt.CompilerInterface.run(CompilerInterface.scala:26)
	at sun.reflect.NativeMethodAccessorImpl.invoke0(Native Method)
	at sun.reflect.NativeMethodAccessorImpl.invoke(NativeMethodAccessorImpl.java:57)
	at sun.reflect.DelegatingMethodAccessorImpl.invoke(DelegatingMethodAccessorImpl.java:43)
	at java.lang.reflect.Method.invoke(Method.java:606)
	at sbt.compiler.AnalyzingCompiler.call(AnalyzingCompiler.scala:101)
	at sbt.compiler.AnalyzingCompiler.compile(AnalyzingCompiler.scala:47)
	at sbt.compiler.AnalyzingCompiler.compile(AnalyzingCompiler.scala:41)
	at sbt.compiler.MixedAnalyzingCompiler$$anonfun$compileScala$1$1.apply$mcV$sp(MixedAnalyzingCompiler.scala:51)
	at sbt.compiler.MixedAnalyzingCompiler$$anonfun$compileScala$1$1.apply(MixedAnalyzingCompiler.scala:51)
	at sbt.compiler.MixedAnalyzingCompiler$$anonfun$compileScala$1$1.apply(MixedAnalyzingCompiler.scala:51)
	at sbt.compiler.MixedAnalyzingCompiler.timed(MixedAnalyzingCompiler.scala:75)
	at sbt.compiler.MixedAnalyzingCompiler.compileScala$1(MixedAnalyzingCompiler.scala:50)
	at sbt.compiler.MixedAnalyzingCompiler.compile(MixedAnalyzingCompiler.scala:65)
	at sbt.compiler.IC$$anonfun$compileInternal$1.apply(IncrementalCompiler.scala:160)
	at sbt.compiler.IC$$anonfun$compileInternal$1.apply(IncrementalCompiler.scala:160)
	at sbt.inc.IncrementalCompile$$anonfun$doCompile$1.apply(Compile.scala:66)
	at sbt.inc.IncrementalCompile$$anonfun$doCompile$1.apply(Compile.scala:64)
	at sbt.inc.IncrementalCommon.cycle(IncrementalCommon.scala:31)
	at sbt.inc.Incremental$$anonfun$1.apply(Incremental.scala:62)
	at sbt.inc.Incremental$$anonfun$1.apply(Incremental.scala:61)
	at sbt.inc.Incremental$.manageClassfiles(Incremental.scala:89)
	at sbt.inc.Incremental$.compile(Incremental.scala:61)
	at sbt.inc.IncrementalCompile$.apply(Compile.scala:54)
	at sbt.compiler.IC$.compileInternal(IncrementalCompiler.scala:160)
	at sbt.compiler.IC$.incrementalCompile(IncrementalCompiler.scala:138)
	at sbt.compiler.IC$.compile(IncrementalCompiler.scala:44)
	at scala.tools.eclipse.buildmanager.sbtintegration.EclipseSbtBuildManager.runCompiler(EclipseSbtBuildManager.scala:133)
	at scala.tools.eclipse.buildmanager.sbtintegration.EclipseSbtBuildManager.update(EclipseSbtBuildManager.scala:124)
	at scala.tools.eclipse.buildmanager.sbtintegration.EclipseSbtBuildManager.build(EclipseSbtBuildManager.scala:178)
	at scala.tools.eclipse.ScalaProject.build(ScalaProject.scala:650)
	at scala.tools.eclipse.ScalaBuilder.build(ScalaBuilder.scala:118)
	at org.eclipse.core.internal.events.BuildManager$2.run(BuildManager.java:728)
	at org.eclipse.core.runtime.SafeRunner.run(SafeRunner.java:42)
	at org.eclipse.core.internal.events.BuildManager.basicBuild(BuildManager.java:199)
	at org.eclipse.core.internal.events.BuildManager.basicBuild(BuildManager.java:239)
	at org.eclipse.core.internal.events.BuildManager$1.run(BuildManager.java:292)
	at org.eclipse.core.runtime.SafeRunner.run(SafeRunner.java:42)
	at org.eclipse.core.internal.events.BuildManager.basicBuild(BuildManager.java:295)
	at org.eclipse.core.internal.events.BuildManager.basicBuildLoop(BuildManager.java:351)
	at org.eclipse.core.internal.events.BuildManager.build(BuildManager.java:374)
	at org.eclipse.core.internal.events.AutoBuildJob.doBuild(AutoBuildJob.java:143)
	at org.eclipse.core.internal.events.AutoBuildJob.run(AutoBuildJob.java:241)
	at org.eclipse.core.internal.jobs.Worker.run(Worker.java:54)
2016-03-09 15:30:28,981 ERROR [main] - org.scala-ide.sdt.core - org.scala-ide.sdt.core - org.scala-ide.sdt.core - 0 - Error in Scala compiler
java.lang.NoSuchMethodError: xsbt.CachedCompiler0$Compiler.classPath()Lscala/tools/nsc/util/ClassFileLookup;
	at xsbt.CachedCompiler0$Compiler.findOnClassPath(CompilerInterface.scala:249)
	at xsbt.CachedCompiler0$Compiler$$anonfun$findClass$2.apply(CompilerInterface.scala:239)
	at xsbt.CachedCompiler0$Compiler$$anonfun$findClass$2.apply(CompilerInterface.scala:239)
	at scala.Option.orElse(Option.scala:266)
	at xsbt.CachedCompiler0$Compiler.findClass(CompilerInterface.scala:239)
	at xsbt.LocateClassFile.classFile(LocateClassFile.scala:25)
	at xsbt.Dependency$DependencyPhase$$anonfun$run$2.xsbt$Dependency$DependencyPhase$$anonfun$$processDependency$1(Dependency.scala:64)
	at xsbt.Dependency$DependencyPhase$$anonfun$run$2$$anonfun$apply$1.apply(Dependency.scala:46)
	at xsbt.Dependency$DependencyPhase$$anonfun$run$2$$anonfun$apply$1.apply(Dependency.scala:45)
	at scala.collection.immutable.HashSet$HashSet1.foreach(HashSet.scala:322)
	at scala.collection.immutable.HashSet$HashTrieSet.foreach(HashSet.scala:978)
	at xsbt.Dependency$DependencyPhase$$anonfun$run$2.apply(Dependency.scala:45)
	at xsbt.Dependency$DependencyPhase$$anonfun$run$2.apply(Dependency.scala:40)
	at scala.collection.Iterator$class.foreach(Iterator.scala:743)
	at scala.collection.AbstractIterator.foreach(Iterator.scala:1177)
	at xsbt.Dependency$DependencyPhase.run(Dependency.scala:40)
	at scala.tools.nsc.Global$Run.compileUnitsInternal(Global.scala:1557)
	at scala.tools.nsc.Global$Run.compileUnits(Global.scala:1542)
	at scala.tools.nsc.Global$Run.compileSources(Global.scala:1537)
	at scala.tools.nsc.Global$Run.compile(Global.scala:1644)
	at xsbt.CachedCompiler0.run(CompilerInterface.scala:116)
	at xsbt.CachedCompiler0.run(CompilerInterface.scala:95)
	at xsbt.CompilerInterface.run(CompilerInterface.scala:26)
	at sun.reflect.NativeMethodAccessorImpl.invoke0(Native Method)
	at sun.reflect.NativeMethodAccessorImpl.invoke(NativeMethodAccessorImpl.java:57)
	at sun.reflect.DelegatingMethodAccessorImpl.invoke(DelegatingMethodAccessorImpl.java:43)
	at java.lang.reflect.Method.invoke(Method.java:606)
	at sbt.compiler.AnalyzingCompiler.call(AnalyzingCompiler.scala:101)
	at sbt.compiler.AnalyzingCompiler.compile(AnalyzingCompiler.scala:47)
	at sbt.compiler.AnalyzingCompiler.compile(AnalyzingCompiler.scala:41)
	at sbt.compiler.MixedAnalyzingCompiler$$anonfun$compileScala$1$1.apply$mcV$sp(MixedAnalyzingCompiler.scala:51)
	at sbt.compiler.MixedAnalyzingCompiler$$anonfun$compileScala$1$1.apply(MixedAnalyzingCompiler.scala:51)
	at sbt.compiler.MixedAnalyzingCompiler$$anonfun$compileScala$1$1.apply(MixedAnalyzingCompiler.scala:51)
	at sbt.compiler.MixedAnalyzingCompiler.timed(MixedAnalyzingCompiler.scala:75)
	at sbt.compiler.MixedAnalyzingCompiler.compileScala$1(MixedAnalyzingCompiler.scala:50)
	at sbt.compiler.MixedAnalyzingCompiler.compile(MixedAnalyzingCompiler.scala:65)
	at sbt.compiler.IC$$anonfun$compileInternal$1.apply(IncrementalCompiler.scala:160)
	at sbt.compiler.IC$$anonfun$compileInternal$1.apply(IncrementalCompiler.scala:160)
	at sbt.inc.IncrementalCompile$$anonfun$doCompile$1.apply(Compile.scala:66)
	at sbt.inc.IncrementalCompile$$anonfun$doCompile$1.apply(Compile.scala:64)
	at sbt.inc.IncrementalCommon.cycle(IncrementalCommon.scala:31)
	at sbt.inc.Incremental$$anonfun$1.apply(Incremental.scala:62)
	at sbt.inc.Incremental$$anonfun$1.apply(Incremental.scala:61)
	at sbt.inc.Incremental$.manageClassfiles(Incremental.scala:89)
	at sbt.inc.Incremental$.compile(Incremental.scala:61)
	at sbt.inc.IncrementalCompile$.apply(Compile.scala:54)
	at sbt.compiler.IC$.compileInternal(IncrementalCompiler.scala:160)
	at sbt.compiler.IC$.incrementalCompile(IncrementalCompiler.scala:138)
	at sbt.compiler.IC$.compile(IncrementalCompiler.scala:44)
	at scala.tools.eclipse.buildmanager.sbtintegration.EclipseSbtBuildManager.runCompiler(EclipseSbtBuildManager.scala:133)
	at scala.tools.eclipse.buildmanager.sbtintegration.EclipseSbtBuildManager.update(EclipseSbtBuildManager.scala:124)
	at scala.tools.eclipse.buildmanager.sbtintegration.EclipseSbtBuildManager.build(EclipseSbtBuildManager.scala:178)
	at scala.tools.eclipse.ScalaProject.build(ScalaProject.scala:650)
	at scala.tools.eclipse.ScalaBuilder.build(ScalaBuilder.scala:118)
	at org.eclipse.core.internal.events.BuildManager$2.run(BuildManager.java:728)
	at org.eclipse.core.runtime.SafeRunner.run(SafeRunner.java:42)
	at org.eclipse.core.internal.events.BuildManager.basicBuild(BuildManager.java:199)
	at org.eclipse.core.internal.events.BuildManager.basicBuild(BuildManager.java:239)
	at org.eclipse.core.internal.events.BuildManager$1.run(BuildManager.java:292)
	at org.eclipse.core.runtime.SafeRunner.run(SafeRunner.java:42)
	at org.eclipse.core.internal.events.BuildManager.basicBuild(BuildManager.java:295)
	at org.eclipse.core.internal.events.BuildManager.basicBuildLoop(BuildManager.java:351)
	at org.eclipse.core.internal.events.BuildManager.build(BuildManager.java:374)
	at org.eclipse.core.internal.events.AutoBuildJob.doBuild(AutoBuildJob.java:143)
	at org.eclipse.core.internal.events.AutoBuildJob.run(AutoBuildJob.java:241)
	at org.eclipse.core.internal.jobs.Worker.run(Worker.java:54)
2016-03-09 15:30:45,572 ERROR [main] - org.scala-ide.sdt.core - org.scala-ide.sdt.core - org.scala-ide.sdt.core - 0 - Error in Scala compiler
java.lang.NoSuchMethodError: xsbt.CachedCompiler0$Compiler.classPath()Lscala/tools/nsc/util/ClassFileLookup;
	at xsbt.CachedCompiler0$Compiler.findOnClassPath(CompilerInterface.scala:249)
	at xsbt.CachedCompiler0$Compiler$$anonfun$findClass$2.apply(CompilerInterface.scala:239)
	at xsbt.CachedCompiler0$Compiler$$anonfun$findClass$2.apply(CompilerInterface.scala:239)
	at scala.Option.orElse(Option.scala:266)
	at xsbt.CachedCompiler0$Compiler.findClass(CompilerInterface.scala:239)
	at xsbt.LocateClassFile.classFile(LocateClassFile.scala:25)
	at xsbt.Dependency$DependencyPhase$$anonfun$run$2.xsbt$Dependency$DependencyPhase$$anonfun$$processDependency$1(Dependency.scala:64)
	at xsbt.Dependency$DependencyPhase$$anonfun$run$2$$anonfun$apply$1.apply(Dependency.scala:46)
	at xsbt.Dependency$DependencyPhase$$anonfun$run$2$$anonfun$apply$1.apply(Dependency.scala:45)
	at scala.collection.immutable.HashSet$HashSet1.foreach(HashSet.scala:322)
	at scala.collection.immutable.HashSet$HashTrieSet.foreach(HashSet.scala:978)
	at xsbt.Dependency$DependencyPhase$$anonfun$run$2.apply(Dependency.scala:45)
	at xsbt.Dependency$DependencyPhase$$anonfun$run$2.apply(Dependency.scala:40)
	at scala.collection.Iterator$class.foreach(Iterator.scala:743)
	at scala.collection.AbstractIterator.foreach(Iterator.scala:1177)
	at xsbt.Dependency$DependencyPhase.run(Dependency.scala:40)
	at scala.tools.nsc.Global$Run.compileUnitsInternal(Global.scala:1557)
	at scala.tools.nsc.Global$Run.compileUnits(Global.scala:1542)
	at scala.tools.nsc.Global$Run.compileSources(Global.scala:1537)
	at scala.tools.nsc.Global$Run.compile(Global.scala:1644)
	at xsbt.CachedCompiler0.run(CompilerInterface.scala:116)
	at xsbt.CachedCompiler0.run(CompilerInterface.scala:95)
	at xsbt.CompilerInterface.run(CompilerInterface.scala:26)
	at sun.reflect.NativeMethodAccessorImpl.invoke0(Native Method)
	at sun.reflect.NativeMethodAccessorImpl.invoke(NativeMethodAccessorImpl.java:57)
	at sun.reflect.DelegatingMethodAccessorImpl.invoke(DelegatingMethodAccessorImpl.java:43)
	at java.lang.reflect.Method.invoke(Method.java:606)
	at sbt.compiler.AnalyzingCompiler.call(AnalyzingCompiler.scala:101)
	at sbt.compiler.AnalyzingCompiler.compile(AnalyzingCompiler.scala:47)
	at sbt.compiler.AnalyzingCompiler.compile(AnalyzingCompiler.scala:41)
	at sbt.compiler.MixedAnalyzingCompiler$$anonfun$compileScala$1$1.apply$mcV$sp(MixedAnalyzingCompiler.scala:51)
	at sbt.compiler.MixedAnalyzingCompiler$$anonfun$compileScala$1$1.apply(MixedAnalyzingCompiler.scala:51)
	at sbt.compiler.MixedAnalyzingCompiler$$anonfun$compileScala$1$1.apply(MixedAnalyzingCompiler.scala:51)
	at sbt.compiler.MixedAnalyzingCompiler.timed(MixedAnalyzingCompiler.scala:75)
	at sbt.compiler.MixedAnalyzingCompiler.compileScala$1(MixedAnalyzingCompiler.scala:50)
	at sbt.compiler.MixedAnalyzingCompiler.compile(MixedAnalyzingCompiler.scala:65)
	at sbt.compiler.IC$$anonfun$compileInternal$1.apply(IncrementalCompiler.scala:160)
	at sbt.compiler.IC$$anonfun$compileInternal$1.apply(IncrementalCompiler.scala:160)
	at sbt.inc.IncrementalCompile$$anonfun$doCompile$1.apply(Compile.scala:66)
	at sbt.inc.IncrementalCompile$$anonfun$doCompile$1.apply(Compile.scala:64)
	at sbt.inc.IncrementalCommon.cycle(IncrementalCommon.scala:31)
	at sbt.inc.Incremental$$anonfun$1.apply(Incremental.scala:62)
	at sbt.inc.Incremental$$anonfun$1.apply(Incremental.scala:61)
	at sbt.inc.Incremental$.manageClassfiles(Incremental.scala:89)
	at sbt.inc.Incremental$.compile(Incremental.scala:61)
	at sbt.inc.IncrementalCompile$.apply(Compile.scala:54)
	at sbt.compiler.IC$.compileInternal(IncrementalCompiler.scala:160)
	at sbt.compiler.IC$.incrementalCompile(IncrementalCompiler.scala:138)
	at sbt.compiler.IC$.compile(IncrementalCompiler.scala:44)
	at scala.tools.eclipse.buildmanager.sbtintegration.EclipseSbtBuildManager.runCompiler(EclipseSbtBuildManager.scala:133)
	at scala.tools.eclipse.buildmanager.sbtintegration.EclipseSbtBuildManager.update(EclipseSbtBuildManager.scala:124)
	at scala.tools.eclipse.buildmanager.sbtintegration.EclipseSbtBuildManager.build(EclipseSbtBuildManager.scala:178)
	at scala.tools.eclipse.ScalaProject.build(ScalaProject.scala:650)
	at scala.tools.eclipse.ScalaBuilder.build(ScalaBuilder.scala:118)
	at org.eclipse.core.internal.events.BuildManager$2.run(BuildManager.java:728)
	at org.eclipse.core.runtime.SafeRunner.run(SafeRunner.java:42)
	at org.eclipse.core.internal.events.BuildManager.basicBuild(BuildManager.java:199)
	at org.eclipse.core.internal.events.BuildManager.basicBuild(BuildManager.java:239)
	at org.eclipse.core.internal.events.BuildManager$1.run(BuildManager.java:292)
	at org.eclipse.core.runtime.SafeRunner.run(SafeRunner.java:42)
	at org.eclipse.core.internal.events.BuildManager.basicBuild(BuildManager.java:295)
	at org.eclipse.core.internal.events.BuildManager.basicBuildLoop(BuildManager.java:351)
	at org.eclipse.core.internal.events.BuildManager.build(BuildManager.java:374)
	at org.eclipse.core.internal.events.AutoBuildJob.doBuild(AutoBuildJob.java:143)
	at org.eclipse.core.internal.events.AutoBuildJob.run(AutoBuildJob.java:241)
	at org.eclipse.core.internal.jobs.Worker.run(Worker.java:54)
2016-03-09 15:44:37,894 ERROR [main] - org.scala-ide.sdt.core - org.scala-ide.sdt.core - org.scala-ide.sdt.core - 0 - Error in Scala compiler
java.lang.NoSuchMethodError: xsbt.CachedCompiler0$Compiler.classPath()Lscala/tools/nsc/util/ClassFileLookup;
	at xsbt.CachedCompiler0$Compiler.findOnClassPath(CompilerInterface.scala:249)
	at xsbt.CachedCompiler0$Compiler$$anonfun$findClass$2.apply(CompilerInterface.scala:239)
	at xsbt.CachedCompiler0$Compiler$$anonfun$findClass$2.apply(CompilerInterface.scala:239)
	at scala.Option.orElse(Option.scala:266)
	at xsbt.CachedCompiler0$Compiler.findClass(CompilerInterface.scala:239)
	at xsbt.LocateClassFile.classFile(LocateClassFile.scala:25)
	at xsbt.Dependency$DependencyPhase$$anonfun$run$2.xsbt$Dependency$DependencyPhase$$anonfun$$processDependency$1(Dependency.scala:64)
	at xsbt.Dependency$DependencyPhase$$anonfun$run$2$$anonfun$apply$1.apply(Dependency.scala:46)
	at xsbt.Dependency$DependencyPhase$$anonfun$run$2$$anonfun$apply$1.apply(Dependency.scala:45)
	at scala.collection.immutable.HashSet$HashSet1.foreach(HashSet.scala:322)
	at scala.collection.immutable.HashSet$HashTrieSet.foreach(HashSet.scala:978)
	at xsbt.Dependency$DependencyPhase$$anonfun$run$2.apply(Dependency.scala:45)
	at xsbt.Dependency$DependencyPhase$$anonfun$run$2.apply(Dependency.scala:40)
	at scala.collection.Iterator$class.foreach(Iterator.scala:743)
	at scala.collection.AbstractIterator.foreach(Iterator.scala:1177)
	at xsbt.Dependency$DependencyPhase.run(Dependency.scala:40)
	at scala.tools.nsc.Global$Run.compileUnitsInternal(Global.scala:1557)
	at scala.tools.nsc.Global$Run.compileUnits(Global.scala:1542)
	at scala.tools.nsc.Global$Run.compileSources(Global.scala:1537)
	at scala.tools.nsc.Global$Run.compile(Global.scala:1644)
	at xsbt.CachedCompiler0.run(CompilerInterface.scala:116)
	at xsbt.CachedCompiler0.run(CompilerInterface.scala:95)
	at xsbt.CompilerInterface.run(CompilerInterface.scala:26)
	at sun.reflect.NativeMethodAccessorImpl.invoke0(Native Method)
	at sun.reflect.NativeMethodAccessorImpl.invoke(NativeMethodAccessorImpl.java:57)
	at sun.reflect.DelegatingMethodAccessorImpl.invoke(DelegatingMethodAccessorImpl.java:43)
	at java.lang.reflect.Method.invoke(Method.java:606)
	at sbt.compiler.AnalyzingCompiler.call(AnalyzingCompiler.scala:101)
	at sbt.compiler.AnalyzingCompiler.compile(AnalyzingCompiler.scala:47)
	at sbt.compiler.AnalyzingCompiler.compile(AnalyzingCompiler.scala:41)
	at sbt.compiler.MixedAnalyzingCompiler$$anonfun$compileScala$1$1.apply$mcV$sp(MixedAnalyzingCompiler.scala:51)
	at sbt.compiler.MixedAnalyzingCompiler$$anonfun$compileScala$1$1.apply(MixedAnalyzingCompiler.scala:51)
	at sbt.compiler.MixedAnalyzingCompiler$$anonfun$compileScala$1$1.apply(MixedAnalyzingCompiler.scala:51)
	at sbt.compiler.MixedAnalyzingCompiler.timed(MixedAnalyzingCompiler.scala:75)
	at sbt.compiler.MixedAnalyzingCompiler.compileScala$1(MixedAnalyzingCompiler.scala:50)
	at sbt.compiler.MixedAnalyzingCompiler.compile(MixedAnalyzingCompiler.scala:65)
	at sbt.compiler.IC$$anonfun$compileInternal$1.apply(IncrementalCompiler.scala:160)
	at sbt.compiler.IC$$anonfun$compileInternal$1.apply(IncrementalCompiler.scala:160)
	at sbt.inc.IncrementalCompile$$anonfun$doCompile$1.apply(Compile.scala:66)
	at sbt.inc.IncrementalCompile$$anonfun$doCompile$1.apply(Compile.scala:64)
	at sbt.inc.IncrementalCommon.cycle(IncrementalCommon.scala:31)
	at sbt.inc.Incremental$$anonfun$1.apply(Incremental.scala:62)
	at sbt.inc.Incremental$$anonfun$1.apply(Incremental.scala:61)
	at sbt.inc.Incremental$.manageClassfiles(Incremental.scala:89)
	at sbt.inc.Incremental$.compile(Incremental.scala:61)
	at sbt.inc.IncrementalCompile$.apply(Compile.scala:54)
	at sbt.compiler.IC$.compileInternal(IncrementalCompiler.scala:160)
	at sbt.compiler.IC$.incrementalCompile(IncrementalCompiler.scala:138)
	at sbt.compiler.IC$.compile(IncrementalCompiler.scala:44)
	at scala.tools.eclipse.buildmanager.sbtintegration.EclipseSbtBuildManager.runCompiler(EclipseSbtBuildManager.scala:133)
	at scala.tools.eclipse.buildmanager.sbtintegration.EclipseSbtBuildManager.update(EclipseSbtBuildManager.scala:124)
	at scala.tools.eclipse.buildmanager.sbtintegration.EclipseSbtBuildManager.build(EclipseSbtBuildManager.scala:178)
	at scala.tools.eclipse.ScalaProject.build(ScalaProject.scala:650)
	at scala.tools.eclipse.ScalaBuilder.build(ScalaBuilder.scala:118)
	at org.eclipse.core.internal.events.BuildManager$2.run(BuildManager.java:728)
	at org.eclipse.core.runtime.SafeRunner.run(SafeRunner.java:42)
	at org.eclipse.core.internal.events.BuildManager.basicBuild(BuildManager.java:199)
	at org.eclipse.core.internal.events.BuildManager.basicBuild(BuildManager.java:239)
	at org.eclipse.core.internal.events.BuildManager$1.run(BuildManager.java:292)
	at org.eclipse.core.runtime.SafeRunner.run(SafeRunner.java:42)
	at org.eclipse.core.internal.events.BuildManager.basicBuild(BuildManager.java:295)
	at org.eclipse.core.internal.events.BuildManager.basicBuildLoop(BuildManager.java:351)
	at org.eclipse.core.internal.events.BuildManager.build(BuildManager.java:374)
	at org.eclipse.core.internal.events.AutoBuildJob.doBuild(AutoBuildJob.java:143)
	at org.eclipse.core.internal.events.AutoBuildJob.run(AutoBuildJob.java:241)
	at org.eclipse.core.internal.jobs.Worker.run(Worker.java:54)
2016-03-09 15:45:12,160 ERROR [main] - org.scala-ide.sdt.core - org.scala-ide.sdt.core - org.scala-ide.sdt.core - 0 - Error in Scala compiler
java.lang.NoSuchMethodError: xsbt.CachedCompiler0$Compiler.classPath()Lscala/tools/nsc/util/ClassFileLookup;
	at xsbt.CachedCompiler0$Compiler.findOnClassPath(CompilerInterface.scala:249)
	at xsbt.CachedCompiler0$Compiler$$anonfun$findClass$2.apply(CompilerInterface.scala:239)
	at xsbt.CachedCompiler0$Compiler$$anonfun$findClass$2.apply(CompilerInterface.scala:239)
	at scala.Option.orElse(Option.scala:266)
	at xsbt.CachedCompiler0$Compiler.findClass(CompilerInterface.scala:239)
	at xsbt.LocateClassFile.classFile(LocateClassFile.scala:25)
	at xsbt.Dependency$DependencyPhase$$anonfun$run$2.xsbt$Dependency$DependencyPhase$$anonfun$$processDependency$1(Dependency.scala:64)
	at xsbt.Dependency$DependencyPhase$$anonfun$run$2$$anonfun$apply$1.apply(Dependency.scala:46)
	at xsbt.Dependency$DependencyPhase$$anonfun$run$2$$anonfun$apply$1.apply(Dependency.scala:45)
	at scala.collection.immutable.HashSet$HashSet1.foreach(HashSet.scala:322)
	at scala.collection.immutable.HashSet$HashTrieSet.foreach(HashSet.scala:978)
	at xsbt.Dependency$DependencyPhase$$anonfun$run$2.apply(Dependency.scala:45)
	at xsbt.Dependency$DependencyPhase$$anonfun$run$2.apply(Dependency.scala:40)
	at scala.collection.Iterator$class.foreach(Iterator.scala:743)
	at scala.collection.AbstractIterator.foreach(Iterator.scala:1177)
	at xsbt.Dependency$DependencyPhase.run(Dependency.scala:40)
	at scala.tools.nsc.Global$Run.compileUnitsInternal(Global.scala:1557)
	at scala.tools.nsc.Global$Run.compileUnits(Global.scala:1542)
	at scala.tools.nsc.Global$Run.compileSources(Global.scala:1537)
	at scala.tools.nsc.Global$Run.compile(Global.scala:1644)
	at xsbt.CachedCompiler0.run(CompilerInterface.scala:116)
	at xsbt.CachedCompiler0.run(CompilerInterface.scala:95)
	at xsbt.CompilerInterface.run(CompilerInterface.scala:26)
	at sun.reflect.NativeMethodAccessorImpl.invoke0(Native Method)
	at sun.reflect.NativeMethodAccessorImpl.invoke(NativeMethodAccessorImpl.java:57)
	at sun.reflect.DelegatingMethodAccessorImpl.invoke(DelegatingMethodAccessorImpl.java:43)
	at java.lang.reflect.Method.invoke(Method.java:606)
	at sbt.compiler.AnalyzingCompiler.call(AnalyzingCompiler.scala:101)
	at sbt.compiler.AnalyzingCompiler.compile(AnalyzingCompiler.scala:47)
	at sbt.compiler.AnalyzingCompiler.compile(AnalyzingCompiler.scala:41)
	at sbt.compiler.MixedAnalyzingCompiler$$anonfun$compileScala$1$1.apply$mcV$sp(MixedAnalyzingCompiler.scala:51)
	at sbt.compiler.MixedAnalyzingCompiler$$anonfun$compileScala$1$1.apply(MixedAnalyzingCompiler.scala:51)
	at sbt.compiler.MixedAnalyzingCompiler$$anonfun$compileScala$1$1.apply(MixedAnalyzingCompiler.scala:51)
	at sbt.compiler.MixedAnalyzingCompiler.timed(MixedAnalyzingCompiler.scala:75)
	at sbt.compiler.MixedAnalyzingCompiler.compileScala$1(MixedAnalyzingCompiler.scala:50)
	at sbt.compiler.MixedAnalyzingCompiler.compile(MixedAnalyzingCompiler.scala:65)
	at sbt.compiler.IC$$anonfun$compileInternal$1.apply(IncrementalCompiler.scala:160)
	at sbt.compiler.IC$$anonfun$compileInternal$1.apply(IncrementalCompiler.scala:160)
	at sbt.inc.IncrementalCompile$$anonfun$doCompile$1.apply(Compile.scala:66)
	at sbt.inc.IncrementalCompile$$anonfun$doCompile$1.apply(Compile.scala:64)
	at sbt.inc.IncrementalCommon.cycle(IncrementalCommon.scala:31)
	at sbt.inc.Incremental$$anonfun$1.apply(Incremental.scala:62)
	at sbt.inc.Incremental$$anonfun$1.apply(Incremental.scala:61)
	at sbt.inc.Incremental$.manageClassfiles(Incremental.scala:89)
	at sbt.inc.Incremental$.compile(Incremental.scala:61)
	at sbt.inc.IncrementalCompile$.apply(Compile.scala:54)
	at sbt.compiler.IC$.compileInternal(IncrementalCompiler.scala:160)
	at sbt.compiler.IC$.incrementalCompile(IncrementalCompiler.scala:138)
	at sbt.compiler.IC$.compile(IncrementalCompiler.scala:44)
	at scala.tools.eclipse.buildmanager.sbtintegration.EclipseSbtBuildManager.runCompiler(EclipseSbtBuildManager.scala:133)
	at scala.tools.eclipse.buildmanager.sbtintegration.EclipseSbtBuildManager.update(EclipseSbtBuildManager.scala:124)
	at scala.tools.eclipse.buildmanager.sbtintegration.EclipseSbtBuildManager.build(EclipseSbtBuildManager.scala:178)
	at scala.tools.eclipse.ScalaProject.build(ScalaProject.scala:650)
	at scala.tools.eclipse.ScalaBuilder.build(ScalaBuilder.scala:118)
	at org.eclipse.core.internal.events.BuildManager$2.run(BuildManager.java:728)
	at org.eclipse.core.runtime.SafeRunner.run(SafeRunner.java:42)
	at org.eclipse.core.internal.events.BuildManager.basicBuild(BuildManager.java:199)
	at org.eclipse.core.internal.events.BuildManager.basicBuild(BuildManager.java:239)
	at org.eclipse.core.internal.events.BuildManager$1.run(BuildManager.java:292)
	at org.eclipse.core.runtime.SafeRunner.run(SafeRunner.java:42)
	at org.eclipse.core.internal.events.BuildManager.basicBuild(BuildManager.java:295)
	at org.eclipse.core.internal.events.BuildManager.basicBuildLoop(BuildManager.java:351)
	at org.eclipse.core.internal.events.BuildManager.build(BuildManager.java:374)
	at org.eclipse.core.internal.events.AutoBuildJob.doBuild(AutoBuildJob.java:143)
	at org.eclipse.core.internal.events.AutoBuildJob.run(AutoBuildJob.java:241)
	at org.eclipse.core.internal.jobs.Worker.run(Worker.java:54)
2016-03-09 15:53:10,750 ERROR [main] - org.scala-ide.sdt.core - org.scala-ide.sdt.core - org.scala-ide.sdt.core - 0 - Error in Scala compiler
java.lang.NoSuchMethodError: xsbt.CachedCompiler0$Compiler.classPath()Lscala/tools/nsc/util/ClassFileLookup;
	at xsbt.CachedCompiler0$Compiler.findOnClassPath(CompilerInterface.scala:249)
	at xsbt.CachedCompiler0$Compiler$$anonfun$findClass$2.apply(CompilerInterface.scala:239)
	at xsbt.CachedCompiler0$Compiler$$anonfun$findClass$2.apply(CompilerInterface.scala:239)
	at scala.Option.orElse(Option.scala:266)
	at xsbt.CachedCompiler0$Compiler.findClass(CompilerInterface.scala:239)
	at xsbt.LocateClassFile.classFile(LocateClassFile.scala:25)
	at xsbt.Dependency$DependencyPhase$$anonfun$run$2.xsbt$Dependency$DependencyPhase$$anonfun$$processDependency$1(Dependency.scala:64)
	at xsbt.Dependency$DependencyPhase$$anonfun$run$2$$anonfun$apply$1.apply(Dependency.scala:46)
	at xsbt.Dependency$DependencyPhase$$anonfun$run$2$$anonfun$apply$1.apply(Dependency.scala:45)
	at scala.collection.immutable.HashSet$HashSet1.foreach(HashSet.scala:322)
	at scala.collection.immutable.HashSet$HashTrieSet.foreach(HashSet.scala:978)
	at scala.collection.immutable.HashSet$HashTrieSet.foreach(HashSet.scala:978)
	at xsbt.Dependency$DependencyPhase$$anonfun$run$2.apply(Dependency.scala:45)
	at xsbt.Dependency$DependencyPhase$$anonfun$run$2.apply(Dependency.scala:40)
	at scala.collection.Iterator$class.foreach(Iterator.scala:743)
	at scala.collection.AbstractIterator.foreach(Iterator.scala:1177)
	at xsbt.Dependency$DependencyPhase.run(Dependency.scala:40)
	at scala.tools.nsc.Global$Run.compileUnitsInternal(Global.scala:1557)
	at scala.tools.nsc.Global$Run.compileUnits(Global.scala:1542)
	at scala.tools.nsc.Global$Run.compileSources(Global.scala:1537)
	at scala.tools.nsc.Global$Run.compile(Global.scala:1644)
	at xsbt.CachedCompiler0.run(CompilerInterface.scala:116)
	at xsbt.CachedCompiler0.run(CompilerInterface.scala:95)
	at xsbt.CompilerInterface.run(CompilerInterface.scala:26)
	at sun.reflect.NativeMethodAccessorImpl.invoke0(Native Method)
	at sun.reflect.NativeMethodAccessorImpl.invoke(NativeMethodAccessorImpl.java:57)
	at sun.reflect.DelegatingMethodAccessorImpl.invoke(DelegatingMethodAccessorImpl.java:43)
	at java.lang.reflect.Method.invoke(Method.java:606)
	at sbt.compiler.AnalyzingCompiler.call(AnalyzingCompiler.scala:101)
	at sbt.compiler.AnalyzingCompiler.compile(AnalyzingCompiler.scala:47)
	at sbt.compiler.AnalyzingCompiler.compile(AnalyzingCompiler.scala:41)
	at sbt.compiler.MixedAnalyzingCompiler$$anonfun$compileScala$1$1.apply$mcV$sp(MixedAnalyzingCompiler.scala:51)
	at sbt.compiler.MixedAnalyzingCompiler$$anonfun$compileScala$1$1.apply(MixedAnalyzingCompiler.scala:51)
	at sbt.compiler.MixedAnalyzingCompiler$$anonfun$compileScala$1$1.apply(MixedAnalyzingCompiler.scala:51)
	at sbt.compiler.MixedAnalyzingCompiler.timed(MixedAnalyzingCompiler.scala:75)
	at sbt.compiler.MixedAnalyzingCompiler.compileScala$1(MixedAnalyzingCompiler.scala:50)
	at sbt.compiler.MixedAnalyzingCompiler.compile(MixedAnalyzingCompiler.scala:65)
	at sbt.compiler.IC$$anonfun$compileInternal$1.apply(IncrementalCompiler.scala:160)
	at sbt.compiler.IC$$anonfun$compileInternal$1.apply(IncrementalCompiler.scala:160)
	at sbt.inc.IncrementalCompile$$anonfun$doCompile$1.apply(Compile.scala:66)
	at sbt.inc.IncrementalCompile$$anonfun$doCompile$1.apply(Compile.scala:64)
	at sbt.inc.IncrementalCommon.cycle(IncrementalCommon.scala:31)
	at sbt.inc.Incremental$$anonfun$1.apply(Incremental.scala:62)
	at sbt.inc.Incremental$$anonfun$1.apply(Incremental.scala:61)
	at sbt.inc.Incremental$.manageClassfiles(Incremental.scala:89)
	at sbt.inc.Incremental$.compile(Incremental.scala:61)
	at sbt.inc.IncrementalCompile$.apply(Compile.scala:54)
	at sbt.compiler.IC$.compileInternal(IncrementalCompiler.scala:160)
	at sbt.compiler.IC$.incrementalCompile(IncrementalCompiler.scala:138)
	at sbt.compiler.IC$.compile(IncrementalCompiler.scala:44)
	at scala.tools.eclipse.buildmanager.sbtintegration.EclipseSbtBuildManager.runCompiler(EclipseSbtBuildManager.scala:133)
	at scala.tools.eclipse.buildmanager.sbtintegration.EclipseSbtBuildManager.update(EclipseSbtBuildManager.scala:124)
	at scala.tools.eclipse.buildmanager.sbtintegration.EclipseSbtBuildManager.build(EclipseSbtBuildManager.scala:178)
	at scala.tools.eclipse.ScalaProject.build(ScalaProject.scala:650)
	at scala.tools.eclipse.ScalaBuilder.build(ScalaBuilder.scala:118)
	at org.eclipse.core.internal.events.BuildManager$2.run(BuildManager.java:728)
	at org.eclipse.core.runtime.SafeRunner.run(SafeRunner.java:42)
	at org.eclipse.core.internal.events.BuildManager.basicBuild(BuildManager.java:199)
	at org.eclipse.core.internal.events.BuildManager.basicBuild(BuildManager.java:239)
	at org.eclipse.core.internal.events.BuildManager$1.run(BuildManager.java:292)
	at org.eclipse.core.runtime.SafeRunner.run(SafeRunner.java:42)
	at org.eclipse.core.internal.events.BuildManager.basicBuild(BuildManager.java:295)
	at org.eclipse.core.internal.events.BuildManager.basicBuildLoop(BuildManager.java:351)
	at org.eclipse.core.internal.events.BuildManager.build(BuildManager.java:374)
	at org.eclipse.core.internal.events.AutoBuildJob.doBuild(AutoBuildJob.java:143)
	at org.eclipse.core.internal.events.AutoBuildJob.run(AutoBuildJob.java:241)
	at org.eclipse.core.internal.jobs.Worker.run(Worker.java:54)
